{
  "stats": {
    "suites": 1,
    "tests": 2,
    "passes": 2,
    "pending": 0,
    "failures": 0,
    "start": "2023-11-22T18:47:44.538Z",
    "end": "2023-11-22T18:48:23.772Z",
    "duration": 39234,
    "testsRegistered": 2,
    "passPercent": 100,
    "pendingPercent": 0,
    "other": 0,
    "hasOther": false,
    "skipped": 0,
    "hasSkipped": false
  },
  "results": [
    {
      "uuid": "742a8f40-e210-4b41-83a1-41dd22209609",
      "title": "",
      "fullFile": "cypress\\e2e\\features\\Listagem.feature",
      "file": "cypress\\e2e\\features\\Listagem.feature",
      "beforeHooks": [],
      "afterHooks": [],
      "tests": [],
      "suites": [
        {
          "uuid": "2df2bb9d-876d-4752-9501-b6604673da7c",
          "title": "Listagem",
          "fullFile": "",
          "file": "",
          "beforeHooks": [],
          "afterHooks": [],
          "tests": [
            {
              "title": "Listagem sem registros",
              "fullTitle": "Listagem Listagem sem registros",
              "timedOut": null,
              "duration": 24276,
              "state": "passed",
              "speed": "slow",
              "pass": true,
              "fail": false,
              "pending": false,
              "context": null,
              "code": "const state = window.testState;\nreturn cy\n  .then(() => state.onStartScenario(scenario, indexedSteps))\n  .then(() =>\n    resolveAndRunBeforeHooks.call(this, scenario.tags, state.feature.name)\n  )\n  .then(() =>\n    indexedSteps.forEach((step) =>\n      stepTest.call(this, state, step, rowData)\n    )\n  )\n  .then(() => state.onFinishScenario(scenario));",
              "err": {},
              "uuid": "ba899dff-07e3-4c77-a94d-e8ce9282a054",
              "parentUUID": "2df2bb9d-876d-4752-9501-b6604673da7c",
              "isHook": false,
              "skipped": false
            },
            {
              "title": "Listagem com apenas um registro",
              "fullTitle": "Listagem Listagem com apenas um registro",
              "timedOut": null,
              "duration": 5851,
              "state": "passed",
              "speed": "medium",
              "pass": true,
              "fail": false,
              "pending": false,
              "context": null,
              "code": "const state = window.testState;\nreturn cy\n  .then(() => state.onStartScenario(scenario, indexedSteps))\n  .then(() =>\n    resolveAndRunBeforeHooks.call(this, scenario.tags, state.feature.name)\n  )\n  .then(() =>\n    indexedSteps.forEach((step) =>\n      stepTest.call(this, state, step, rowData)\n    )\n  )\n  .then(() => state.onFinishScenario(scenario));",
              "err": {},
              "uuid": "18aa9a15-6119-4f95-aa54-4fc20e680cac",
              "parentUUID": "2df2bb9d-876d-4752-9501-b6604673da7c",
              "isHook": false,
              "skipped": false
            }
          ],
          "suites": [],
          "passes": [
            "ba899dff-07e3-4c77-a94d-e8ce9282a054",
            "18aa9a15-6119-4f95-aa54-4fc20e680cac"
          ],
          "failures": [],
          "pending": [],
          "skipped": [],
          "duration": 30127,
          "root": false,
          "rootEmpty": false,
          "_timeout": 2000
        }
      ],
      "passes": [],
      "failures": [],
      "pending": [],
      "skipped": [],
      "duration": 0,
      "root": true,
      "rootEmpty": true,
      "_timeout": 2000
    }
  ],
  "meta": {
    "mocha": {
      "version": "7.0.1"
    },
    "mochawesome": {
      "options": {
        "quiet": true,
        "reportFilename": "mochawesome",
        "saveHtml": false,
        "saveJson": true,
        "consoleReporter": "spec",
        "useInlineDiffs": false,
        "code": true
      },
      "version": "7.1.3"
    },
    "marge": {
      "options": {
        "id": "default",
        "reportDir": "cypress/reports/mochawesome",
        "quiet": true,
        "overwrite": true,
        "html": false,
        "json": true
      },
      "version": "6.2.0"
    }
  }
}